<?xml version="1.0" encoding="UTF-8" ?>
<testsuite failures="0" time="0.014" errors="0" skipped="0" tests="1" name="org.house.price.job.AppTest">
  <properties>
    <property name="java.runtime.name" value="Java(TM) SE Runtime Environment"/>
    <property name="sun.boot.library.path" value="/usr/jdk/jdk1.6.0_38/jre/lib/i386"/>
    <property name="java.vm.version" value="20.13-b02"/>
    <property name="java.vm.vendor" value="Sun Microsystems Inc."/>
    <property name="java.vendor.url" value="http://java.sun.com/"/>
    <property name="path.separator" value=":"/>
    <property name="java.vm.name" value="Java HotSpot(TM) Server VM"/>
    <property name="file.encoding.pkg" value="sun.io"/>
    <property name="user.country" value="CN"/>
    <property name="sun.java.launcher" value="SUN_STANDARD"/>
    <property name="sun.os.patch.level" value="unknown"/>
    <property name="java.vm.specification.name" value="Java Virtual Machine Specification"/>
    <property name="user.dir" value="/home/henry/Workspaces/house-price/house-price-job"/>
    <property name="java.runtime.version" value="1.6.0_38-b05"/>
    <property name="java.awt.graphicsenv" value="sun.awt.X11GraphicsEnvironment"/>
    <property name="basedir" value="/home/henry/Workspaces/house-price/house-price-job"/>
    <property name="java.endorsed.dirs" value="/usr/jdk/jdk1.6.0_38/jre/lib/endorsed"/>
    <property name="os.arch" value="i386"/>
    <property name="surefire.real.class.path" value="/home/henry/Workspaces/house-price/house-price-job/target/surefire/surefirebooter1681379342301187205.jar"/>
    <property name="java.io.tmpdir" value="/tmp"/>
    <property name="line.separator" value="
"/>
    <property name="java.vm.specification.vendor" value="Sun Microsystems Inc."/>
    <property name="os.name" value="Linux"/>
    <property name="sun.jnu.encoding" value="UTF-8"/>
    <property name="java.library.path" value="/usr/jdk/jdk1.6.0_38/jre/lib/i386/server:/usr/jdk/jdk1.6.0_38/jre/lib/i386:/usr/jdk/jdk1.6.0_38/jre/../lib/i386:/usr/java/packages/lib/i386:/lib:/usr/lib"/>
    <property name="surefire.test.class.path" value="/home/henry/Workspaces/house-price/house-price-job/target/test-classes:/home/henry/Workspaces/house-price/house-price-job/target/classes:/home/henry/Workspaces/house-price/house-price-dao/target/house-price-dao-1.0-SNAPSHOT.jar:/home/henry/mavenRepo/org/mybatis/mybatis/3.1.1/mybatis-3.1.1.jar:/home/henry/mavenRepo/mysql/mysql-connector-java/5.1.26/mysql-connector-java-5.1.26.jar:/home/henry/mavenRepo/commons-dbcp/commons-dbcp/1.2.2/commons-dbcp-1.2.2.jar:/home/henry/mavenRepo/commons-pool/commons-pool/1.3/commons-pool-1.3.jar:/home/henry/mavenRepo/junit/junit/3.8.1/junit-3.8.1.jar:/home/henry/mavenRepo/org/springframework/spring-core/3.0.5.RELEASE/spring-core-3.0.5.RELEASE.jar:/home/henry/mavenRepo/org/springframework/spring-asm/3.0.5.RELEASE/spring-asm-3.0.5.RELEASE.jar:/home/henry/mavenRepo/commons-logging/commons-logging/1.1.1/commons-logging-1.1.1.jar:/home/henry/mavenRepo/org/springframework/spring-beans/3.0.5.RELEASE/spring-beans-3.0.5.RELEASE.jar:/home/henry/mavenRepo/org/springframework/spring-aop/3.0.5.RELEASE/spring-aop-3.0.5.RELEASE.jar:/home/henry/mavenRepo/aopalliance/aopalliance/1.0/aopalliance-1.0.jar:/home/henry/mavenRepo/org/springframework/spring-context/3.0.5.RELEASE/spring-context-3.0.5.RELEASE.jar:/home/henry/mavenRepo/org/springframework/spring-expression/3.0.5.RELEASE/spring-expression-3.0.5.RELEASE.jar:/home/henry/mavenRepo/org/springframework/spring-web/3.0.5.RELEASE/spring-web-3.0.5.RELEASE.jar:/home/henry/mavenRepo/org/springframework/spring-webmvc/3.0.5.RELEASE/spring-webmvc-3.0.5.RELEASE.jar:/home/henry/mavenRepo/org/springframework/spring-context-support/3.0.5.RELEASE/spring-context-support-3.0.5.RELEASE.jar:/home/henry/mavenRepo/org/jsoup/jsoup/1.7.2/jsoup-1.7.2.jar:"/>
    <property name="java.specification.name" value="Java Platform API Specification"/>
    <property name="java.class.version" value="50.0"/>
    <property name="sun.management.compiler" value="HotSpot Tiered Compilers"/>
    <property name="os.version" value="3.2.0-23-generic"/>
    <property name="user.home" value="/root"/>
    <property name="user.timezone" value=""/>
    <property name="java.awt.printerjob" value="sun.print.PSPrinterJob"/>
    <property name="file.encoding" value="UTF-8"/>
    <property name="java.specification.version" value="1.6"/>
    <property name="user.name" value="root"/>
    <property name="java.class.path" value="/home/henry/Workspaces/house-price/house-price-job/target/test-classes:/home/henry/Workspaces/house-price/house-price-job/target/classes:/home/henry/Workspaces/house-price/house-price-dao/target/house-price-dao-1.0-SNAPSHOT.jar:/home/henry/mavenRepo/org/mybatis/mybatis/3.1.1/mybatis-3.1.1.jar:/home/henry/mavenRepo/mysql/mysql-connector-java/5.1.26/mysql-connector-java-5.1.26.jar:/home/henry/mavenRepo/commons-dbcp/commons-dbcp/1.2.2/commons-dbcp-1.2.2.jar:/home/henry/mavenRepo/commons-pool/commons-pool/1.3/commons-pool-1.3.jar:/home/henry/mavenRepo/junit/junit/3.8.1/junit-3.8.1.jar:/home/henry/mavenRepo/org/springframework/spring-core/3.0.5.RELEASE/spring-core-3.0.5.RELEASE.jar:/home/henry/mavenRepo/org/springframework/spring-asm/3.0.5.RELEASE/spring-asm-3.0.5.RELEASE.jar:/home/henry/mavenRepo/commons-logging/commons-logging/1.1.1/commons-logging-1.1.1.jar:/home/henry/mavenRepo/org/springframework/spring-beans/3.0.5.RELEASE/spring-beans-3.0.5.RELEASE.jar:/home/henry/mavenRepo/org/springframework/spring-aop/3.0.5.RELEASE/spring-aop-3.0.5.RELEASE.jar:/home/henry/mavenRepo/aopalliance/aopalliance/1.0/aopalliance-1.0.jar:/home/henry/mavenRepo/org/springframework/spring-context/3.0.5.RELEASE/spring-context-3.0.5.RELEASE.jar:/home/henry/mavenRepo/org/springframework/spring-expression/3.0.5.RELEASE/spring-expression-3.0.5.RELEASE.jar:/home/henry/mavenRepo/org/springframework/spring-web/3.0.5.RELEASE/spring-web-3.0.5.RELEASE.jar:/home/henry/mavenRepo/org/springframework/spring-webmvc/3.0.5.RELEASE/spring-webmvc-3.0.5.RELEASE.jar:/home/henry/mavenRepo/org/springframework/spring-context-support/3.0.5.RELEASE/spring-context-support-3.0.5.RELEASE.jar:/home/henry/mavenRepo/org/jsoup/jsoup/1.7.2/jsoup-1.7.2.jar:"/>
    <property name="java.vm.specification.version" value="1.0"/>
    <property name="sun.arch.data.model" value="32"/>
    <property name="java.home" value="/usr/jdk/jdk1.6.0_38/jre"/>
    <property name="sun.java.command" value="/home/henry/Workspaces/house-price/house-price-job/target/surefire/surefirebooter1681379342301187205.jar /home/henry/Workspaces/house-price/house-price-job/target/surefire/surefire9093561860735502938tmp /home/henry/Workspaces/house-price/house-price-job/target/surefire/surefire2197348551949241070tmp"/>
    <property name="java.specification.vendor" value="Sun Microsystems Inc."/>
    <property name="user.language" value="zh"/>
    <property name="java.vm.info" value="mixed mode"/>
    <property name="java.version" value="1.6.0_38"/>
    <property name="java.ext.dirs" value="/usr/jdk/jdk1.6.0_38/jre/lib/ext:/usr/java/packages/lib/ext"/>
    <property name="sun.boot.class.path" value="/usr/jdk/jdk1.6.0_38/jre/lib/resources.jar:/usr/jdk/jdk1.6.0_38/jre/lib/rt.jar:/usr/jdk/jdk1.6.0_38/jre/lib/sunrsasign.jar:/usr/jdk/jdk1.6.0_38/jre/lib/jsse.jar:/usr/jdk/jdk1.6.0_38/jre/lib/jce.jar:/usr/jdk/jdk1.6.0_38/jre/lib/charsets.jar:/usr/jdk/jdk1.6.0_38/jre/lib/modules/jdk.boot.jar:/usr/jdk/jdk1.6.0_38/jre/classes"/>
    <property name="java.vendor" value="Sun Microsystems Inc."/>
    <property name="localRepository" value="/home/henry/mavenRepo"/>
    <property name="file.separator" value="/"/>
    <property name="java.vendor.url.bug" value="http://java.sun.com/cgi-bin/bugreport.cgi"/>
    <property name="sun.cpu.endian" value="little"/>
    <property name="sun.io.unicode.encoding" value="UnicodeLittle"/>
    <property name="sun.cpu.isalist" value=""/>
  </properties>
  <testcase time="0.001" classname="org.house.price.job.AppTest" name="testApp"/>
</testsuite>